  Source.cpp
C:\Users\Qainat Saeed\Source\Repos\CANDY CRUSH\CANDY CRUSH\help.h(36,24): warning C4244: '=': conversion from 'SHORT' to 'char', possible loss of data
C:\Users\Qainat Saeed\Source\Repos\CANDY CRUSH\CANDY CRUSH\help.h(42,24): warning C4244: '=': conversion from 'SHORT' to 'char', possible loss of data
C:\Users\Qainat Saeed\Source\Repos\CANDY CRUSH\CANDY CRUSH\help.h(50,24): warning C4244: '=': conversion from 'SHORT' to 'char', possible loss of data
C:\Users\Qainat Saeed\Source\Repos\CANDY CRUSH\CANDY CRUSH\help.h(57,24): warning C4244: '=': conversion from 'SHORT' to 'char', possible loss of data
C:\Users\Qainat Saeed\Source\Repos\CANDY CRUSH\CANDY CRUSH\Source.cpp(24,11): warning C4244: 'initializing': conversion from 'int' to 'float', possible loss of data
C:\Users\Qainat Saeed\Source\Repos\CANDY CRUSH\CANDY CRUSH\Source.cpp(28,17): warning C4244: 'argument': conversion from 'float' to 'int', possible loss of data
C:\Users\Qainat Saeed\Source\Repos\CANDY CRUSH\CANDY CRUSH\Source.cpp(28,10): warning C4244: 'argument': conversion from 'float' to 'int', possible loss of data
C:\Users\Qainat Saeed\Source\Repos\CANDY CRUSH\CANDY CRUSH\Source.cpp(33,29): warning C4244: 'argument': conversion from 'float' to 'int', possible loss of data
C:\Users\Qainat Saeed\Source\Repos\CANDY CRUSH\CANDY CRUSH\Source.cpp(33,20): warning C4244: 'argument': conversion from 'float' to 'int', possible loss of data
C:\Users\Qainat Saeed\Source\Repos\CANDY CRUSH\CANDY CRUSH\Source.cpp(34,29): warning C4244: 'argument': conversion from 'float' to 'int', possible loss of data
C:\Users\Qainat Saeed\Source\Repos\CANDY CRUSH\CANDY CRUSH\Source.cpp(34,20): warning C4244: 'argument': conversion from 'float' to 'int', possible loss of data
C:\Users\Qainat Saeed\Source\Repos\CANDY CRUSH\CANDY CRUSH\Source.cpp(35,17): warning C4244: 'argument': conversion from 'float' to 'int', possible loss of data
C:\Users\Qainat Saeed\Source\Repos\CANDY CRUSH\CANDY CRUSH\Source.cpp(35,10): warning C4244: 'argument': conversion from 'float' to 'int', possible loss of data
C:\Users\Qainat Saeed\Source\Repos\CANDY CRUSH\CANDY CRUSH\Source.cpp(39,29): warning C4244: 'argument': conversion from 'float' to 'int', possible loss of data
C:\Users\Qainat Saeed\Source\Repos\CANDY CRUSH\CANDY CRUSH\Source.cpp(39,20): warning C4244: 'argument': conversion from 'float' to 'int', possible loss of data
C:\Users\Qainat Saeed\Source\Repos\CANDY CRUSH\CANDY CRUSH\Source.cpp(40,29): warning C4244: 'argument': conversion from 'float' to 'int', possible loss of data
C:\Users\Qainat Saeed\Source\Repos\CANDY CRUSH\CANDY CRUSH\Source.cpp(40,20): warning C4244: 'argument': conversion from 'float' to 'int', possible loss of data
C:\Users\Qainat Saeed\Source\Repos\CANDY CRUSH\CANDY CRUSH\Source.cpp(41,17): warning C4244: 'argument': conversion from 'float' to 'int', possible loss of data
C:\Users\Qainat Saeed\Source\Repos\CANDY CRUSH\CANDY CRUSH\Source.cpp(41,10): warning C4244: 'argument': conversion from 'float' to 'int', possible loss of data
C:\Users\Qainat Saeed\Source\Repos\CANDY CRUSH\CANDY CRUSH\Source.cpp(45,29): warning C4244: 'argument': conversion from 'float' to 'int', possible loss of data
C:\Users\Qainat Saeed\Source\Repos\CANDY CRUSH\CANDY CRUSH\Source.cpp(45,20): warning C4244: 'argument': conversion from 'float' to 'int', possible loss of data
C:\Users\Qainat Saeed\Source\Repos\CANDY CRUSH\CANDY CRUSH\Source.cpp(46,29): warning C4244: 'argument': conversion from 'float' to 'int', possible loss of data
C:\Users\Qainat Saeed\Source\Repos\CANDY CRUSH\CANDY CRUSH\Source.cpp(46,20): warning C4244: 'argument': conversion from 'float' to 'int', possible loss of data
C:\Users\Qainat Saeed\Source\Repos\CANDY CRUSH\CANDY CRUSH\Source.cpp(47,17): warning C4244: 'argument': conversion from 'float' to 'int', possible loss of data
C:\Users\Qainat Saeed\Source\Repos\CANDY CRUSH\CANDY CRUSH\Source.cpp(47,10): warning C4244: 'argument': conversion from 'float' to 'int', possible loss of data
C:\Users\Qainat Saeed\Source\Repos\CANDY CRUSH\CANDY CRUSH\Source.cpp(52,11): warning C4244: 'initializing': conversion from 'int' to 'float', possible loss of data
C:\Users\Qainat Saeed\Source\Repos\CANDY CRUSH\CANDY CRUSH\Source.cpp(56,17): warning C4244: 'argument': conversion from 'float' to 'int', possible loss of data
C:\Users\Qainat Saeed\Source\Repos\CANDY CRUSH\CANDY CRUSH\Source.cpp(56,10): warning C4244: 'argument': conversion from 'float' to 'int', possible loss of data
C:\Users\Qainat Saeed\Source\Repos\CANDY CRUSH\CANDY CRUSH\Source.cpp(62,17): warning C4244: 'argument': conversion from 'float' to 'int', possible loss of data
C:\Users\Qainat Saeed\Source\Repos\CANDY CRUSH\CANDY CRUSH\Source.cpp(62,10): warning C4244: 'argument': conversion from 'float' to 'int', possible loss of data
C:\Users\Qainat Saeed\Source\Repos\CANDY CRUSH\CANDY CRUSH\Source.cpp(67,22): warning C4244: 'argument': conversion from 'float' to 'int', possible loss of data
C:\Users\Qainat Saeed\Source\Repos\CANDY CRUSH\CANDY CRUSH\Source.cpp(67,10): warning C4244: 'argument': conversion from 'float' to 'int', possible loss of data
C:\Users\Qainat Saeed\Source\Repos\CANDY CRUSH\CANDY CRUSH\Source.cpp(68,22): warning C4244: 'argument': conversion from 'float' to 'int', possible loss of data
C:\Users\Qainat Saeed\Source\Repos\CANDY CRUSH\CANDY CRUSH\Source.cpp(68,10): warning C4244: 'argument': conversion from 'float' to 'int', possible loss of data
C:\Users\Qainat Saeed\Source\Repos\CANDY CRUSH\CANDY CRUSH\Source.cpp(69,22): warning C4244: 'argument': conversion from 'float' to 'int', possible loss of data
C:\Users\Qainat Saeed\Source\Repos\CANDY CRUSH\CANDY CRUSH\Source.cpp(69,10): warning C4244: 'argument': conversion from 'float' to 'int', possible loss of data
C:\Users\Qainat Saeed\Source\Repos\CANDY CRUSH\CANDY CRUSH\Source.cpp(70,22): warning C4244: 'argument': conversion from 'float' to 'int', possible loss of data
C:\Users\Qainat Saeed\Source\Repos\CANDY CRUSH\CANDY CRUSH\Source.cpp(70,10): warning C4244: 'argument': conversion from 'float' to 'int', possible loss of data
C:\Users\Qainat Saeed\Source\Repos\CANDY CRUSH\CANDY CRUSH\Source.cpp(74,22): warning C4244: 'argument': conversion from 'float' to 'int', possible loss of data
C:\Users\Qainat Saeed\Source\Repos\CANDY CRUSH\CANDY CRUSH\Source.cpp(74,10): warning C4244: 'argument': conversion from 'float' to 'int', possible loss of data
C:\Users\Qainat Saeed\Source\Repos\CANDY CRUSH\CANDY CRUSH\Source.cpp(75,22): warning C4244: 'argument': conversion from 'float' to 'int', possible loss of data
C:\Users\Qainat Saeed\Source\Repos\CANDY CRUSH\CANDY CRUSH\Source.cpp(75,10): warning C4244: 'argument': conversion from 'float' to 'int', possible loss of data
C:\Users\Qainat Saeed\Source\Repos\CANDY CRUSH\CANDY CRUSH\Source.cpp(76,22): warning C4244: 'argument': conversion from 'float' to 'int', possible loss of data
C:\Users\Qainat Saeed\Source\Repos\CANDY CRUSH\CANDY CRUSH\Source.cpp(76,10): warning C4244: 'argument': conversion from 'float' to 'int', possible loss of data
C:\Users\Qainat Saeed\Source\Repos\CANDY CRUSH\CANDY CRUSH\Source.cpp(77,22): warning C4244: 'argument': conversion from 'float' to 'int', possible loss of data
C:\Users\Qainat Saeed\Source\Repos\CANDY CRUSH\CANDY CRUSH\Source.cpp(77,10): warning C4244: 'argument': conversion from 'float' to 'int', possible loss of data
C:\Users\Qainat Saeed\Source\Repos\CANDY CRUSH\CANDY CRUSH\Source.cpp(81,22): warning C4244: 'argument': conversion from 'float' to 'int', possible loss of data
C:\Users\Qainat Saeed\Source\Repos\CANDY CRUSH\CANDY CRUSH\Source.cpp(81,10): warning C4244: 'argument': conversion from 'float' to 'int', possible loss of data
C:\Users\Qainat Saeed\Source\Repos\CANDY CRUSH\CANDY CRUSH\Source.cpp(82,22): warning C4244: 'argument': conversion from 'float' to 'int', possible loss of data
C:\Users\Qainat Saeed\Source\Repos\CANDY CRUSH\CANDY CRUSH\Source.cpp(82,10): warning C4244: 'argument': conversion from 'float' to 'int', possible loss of data
C:\Users\Qainat Saeed\Source\Repos\CANDY CRUSH\CANDY CRUSH\Source.cpp(83,22): warning C4244: 'argument': conversion from 'float' to 'int', possible loss of data
C:\Users\Qainat Saeed\Source\Repos\CANDY CRUSH\CANDY CRUSH\Source.cpp(83,10): warning C4244: 'argument': conversion from 'float' to 'int', possible loss of data
C:\Users\Qainat Saeed\Source\Repos\CANDY CRUSH\CANDY CRUSH\Source.cpp(84,22): warning C4244: 'argument': conversion from 'float' to 'int', possible loss of data
C:\Users\Qainat Saeed\Source\Repos\CANDY CRUSH\CANDY CRUSH\Source.cpp(84,10): warning C4244: 'argument': conversion from 'float' to 'int', possible loss of data
C:\Users\Qainat Saeed\Source\Repos\CANDY CRUSH\CANDY CRUSH\Source.cpp(90,11): warning C4244: 'initializing': conversion from 'int' to 'float', possible loss of data
C:\Users\Qainat Saeed\Source\Repos\CANDY CRUSH\CANDY CRUSH\Source.cpp(93,17): warning C4244: 'argument': conversion from 'float' to 'int', possible loss of data
C:\Users\Qainat Saeed\Source\Repos\CANDY CRUSH\CANDY CRUSH\Source.cpp(93,10): warning C4244: 'argument': conversion from 'float' to 'int', possible loss of data
C:\Users\Qainat Saeed\Source\Repos\CANDY CRUSH\CANDY CRUSH\Source.cpp(100,18): warning C4244: 'argument': conversion from 'float' to 'int', possible loss of data
C:\Users\Qainat Saeed\Source\Repos\CANDY CRUSH\CANDY CRUSH\Source.cpp(100,10): warning C4244: 'argument': conversion from 'float' to 'int', possible loss of data
C:\Users\Qainat Saeed\Source\Repos\CANDY CRUSH\CANDY CRUSH\Source.cpp(106,18): warning C4244: 'argument': conversion from 'float' to 'int', possible loss of data
C:\Users\Qainat Saeed\Source\Repos\CANDY CRUSH\CANDY CRUSH\Source.cpp(106,10): warning C4244: 'argument': conversion from 'float' to 'int', possible loss of data
C:\Users\Qainat Saeed\Source\Repos\CANDY CRUSH\CANDY CRUSH\Source.cpp(111,18): warning C4244: 'argument': conversion from 'float' to 'int', possible loss of data
C:\Users\Qainat Saeed\Source\Repos\CANDY CRUSH\CANDY CRUSH\Source.cpp(111,10): warning C4244: 'argument': conversion from 'float' to 'int', possible loss of data
C:\Users\Qainat Saeed\Source\Repos\CANDY CRUSH\CANDY CRUSH\Source.cpp(112,18): warning C4244: 'argument': conversion from 'float' to 'int', possible loss of data
C:\Users\Qainat Saeed\Source\Repos\CANDY CRUSH\CANDY CRUSH\Source.cpp(112,10): warning C4244: 'argument': conversion from 'float' to 'int', possible loss of data
C:\Users\Qainat Saeed\Source\Repos\CANDY CRUSH\CANDY CRUSH\Source.cpp(113,17): warning C4244: 'argument': conversion from 'float' to 'int', possible loss of data
C:\Users\Qainat Saeed\Source\Repos\CANDY CRUSH\CANDY CRUSH\Source.cpp(113,10): warning C4244: 'argument': conversion from 'float' to 'int', possible loss of data
C:\Users\Qainat Saeed\Source\Repos\CANDY CRUSH\CANDY CRUSH\Source.cpp(114,17): warning C4244: 'argument': conversion from 'float' to 'int', possible loss of data
C:\Users\Qainat Saeed\Source\Repos\CANDY CRUSH\CANDY CRUSH\Source.cpp(114,10): warning C4244: 'argument': conversion from 'float' to 'int', possible loss of data
C:\Users\Qainat Saeed\Source\Repos\CANDY CRUSH\CANDY CRUSH\Source.cpp(115,18): warning C4244: 'argument': conversion from 'float' to 'int', possible loss of data
C:\Users\Qainat Saeed\Source\Repos\CANDY CRUSH\CANDY CRUSH\Source.cpp(115,10): warning C4244: 'argument': conversion from 'float' to 'int', possible loss of data
C:\Users\Qainat Saeed\Source\Repos\CANDY CRUSH\CANDY CRUSH\Source.cpp(116,18): warning C4244: 'argument': conversion from 'float' to 'int', possible loss of data
C:\Users\Qainat Saeed\Source\Repos\CANDY CRUSH\CANDY CRUSH\Source.cpp(116,10): warning C4244: 'argument': conversion from 'float' to 'int', possible loss of data
C:\Users\Qainat Saeed\Source\Repos\CANDY CRUSH\CANDY CRUSH\Source.cpp(120,18): warning C4244: 'argument': conversion from 'float' to 'int', possible loss of data
C:\Users\Qainat Saeed\Source\Repos\CANDY CRUSH\CANDY CRUSH\Source.cpp(120,10): warning C4244: 'argument': conversion from 'float' to 'int', possible loss of data
C:\Users\Qainat Saeed\Source\Repos\CANDY CRUSH\CANDY CRUSH\Source.cpp(121,18): warning C4244: 'argument': conversion from 'float' to 'int', possible loss of data
C:\Users\Qainat Saeed\Source\Repos\CANDY CRUSH\CANDY CRUSH\Source.cpp(121,10): warning C4244: 'argument': conversion from 'float' to 'int', possible loss of data
C:\Users\Qainat Saeed\Source\Repos\CANDY CRUSH\CANDY CRUSH\Source.cpp(122,17): warning C4244: 'argument': conversion from 'float' to 'int', possible loss of data
C:\Users\Qainat Saeed\Source\Repos\CANDY CRUSH\CANDY CRUSH\Source.cpp(122,10): warning C4244: 'argument': conversion from 'float' to 'int', possible loss of data
C:\Users\Qainat Saeed\Source\Repos\CANDY CRUSH\CANDY CRUSH\Source.cpp(123,17): warning C4244: 'argument': conversion from 'float' to 'int', possible loss of data
C:\Users\Qainat Saeed\Source\Repos\CANDY CRUSH\CANDY CRUSH\Source.cpp(123,10): warning C4244: 'argument': conversion from 'float' to 'int', possible loss of data
C:\Users\Qainat Saeed\Source\Repos\CANDY CRUSH\CANDY CRUSH\Source.cpp(124,18): warning C4244: 'argument': conversion from 'float' to 'int', possible loss of data
C:\Users\Qainat Saeed\Source\Repos\CANDY CRUSH\CANDY CRUSH\Source.cpp(124,10): warning C4244: 'argument': conversion from 'float' to 'int', possible loss of data
C:\Users\Qainat Saeed\Source\Repos\CANDY CRUSH\CANDY CRUSH\Source.cpp(125,18): warning C4244: 'argument': conversion from 'float' to 'int', possible loss of data
C:\Users\Qainat Saeed\Source\Repos\CANDY CRUSH\CANDY CRUSH\Source.cpp(125,10): warning C4244: 'argument': conversion from 'float' to 'int', possible loss of data
C:\Users\Qainat Saeed\Source\Repos\CANDY CRUSH\CANDY CRUSH\Source.cpp(129,18): warning C4244: 'argument': conversion from 'float' to 'int', possible loss of data
C:\Users\Qainat Saeed\Source\Repos\CANDY CRUSH\CANDY CRUSH\Source.cpp(129,10): warning C4244: 'argument': conversion from 'float' to 'int', possible loss of data
C:\Users\Qainat Saeed\Source\Repos\CANDY CRUSH\CANDY CRUSH\Source.cpp(130,18): warning C4244: 'argument': conversion from 'float' to 'int', possible loss of data
C:\Users\Qainat Saeed\Source\Repos\CANDY CRUSH\CANDY CRUSH\Source.cpp(130,10): warning C4244: 'argument': conversion from 'float' to 'int', possible loss of data
C:\Users\Qainat Saeed\Source\Repos\CANDY CRUSH\CANDY CRUSH\Source.cpp(131,17): warning C4244: 'argument': conversion from 'float' to 'int', possible loss of data
C:\Users\Qainat Saeed\Source\Repos\CANDY CRUSH\CANDY CRUSH\Source.cpp(131,10): warning C4244: 'argument': conversion from 'float' to 'int', possible loss of data
C:\Users\Qainat Saeed\Source\Repos\CANDY CRUSH\CANDY CRUSH\Source.cpp(132,17): warning C4244: 'argument': conversion from 'float' to 'int', possible loss of data
C:\Users\Qainat Saeed\Source\Repos\CANDY CRUSH\CANDY CRUSH\Source.cpp(132,10): warning C4244: 'argument': conversion from 'float' to 'int', possible loss of data
C:\Users\Qainat Saeed\Source\Repos\CANDY CRUSH\CANDY CRUSH\Source.cpp(133,18): warning C4244: 'argument': conversion from 'float' to 'int', possible loss of data
C:\Users\Qainat Saeed\Source\Repos\CANDY CRUSH\CANDY CRUSH\Source.cpp(133,10): warning C4244: 'argument': conversion from 'float' to 'int', possible loss of data
C:\Users\Qainat Saeed\Source\Repos\CANDY CRUSH\CANDY CRUSH\Source.cpp(134,18): warning C4244: 'argument': conversion from 'float' to 'int', possible loss of data
C:\Users\Qainat Saeed\Source\Repos\CANDY CRUSH\CANDY CRUSH\Source.cpp(134,10): warning C4244: 'argument': conversion from 'float' to 'int', possible loss of data
C:\Users\Qainat Saeed\Source\Repos\CANDY CRUSH\CANDY CRUSH\Source.cpp(146,24): warning C4244: 'argument': conversion from 'float' to 'int', possible loss of data
C:\Users\Qainat Saeed\Source\Repos\CANDY CRUSH\CANDY CRUSH\Source.cpp(146,16): warning C4244: 'argument': conversion from 'float' to 'int', possible loss of data
C:\Users\Qainat Saeed\Source\Repos\CANDY CRUSH\CANDY CRUSH\Source.cpp(148,12): warning C4244: 'argument': conversion from 'float' to 'int', possible loss of data
C:\Users\Qainat Saeed\Source\Repos\CANDY CRUSH\CANDY CRUSH\Source.cpp(150,15): warning C4244: 'argument': conversion from 'float' to 'int', possible loss of data
C:\Users\Qainat Saeed\Source\Repos\CANDY CRUSH\CANDY CRUSH\Source.cpp(152,13): warning C4244: 'argument': conversion from 'float' to 'int', possible loss of data
C:\Users\Qainat Saeed\Source\Repos\CANDY CRUSH\CANDY CRUSH\Source.cpp(154,14): warning C4244: 'argument': conversion from 'float' to 'int', possible loss of data
C:\Users\Qainat Saeed\Source\Repos\CANDY CRUSH\CANDY CRUSH\Source.cpp(156,13): warning C4244: 'argument': conversion from 'float' to 'int', possible loss of data
C:\Users\Qainat Saeed\Source\Repos\CANDY CRUSH\CANDY CRUSH\Source.cpp(158,12): warning C4244: 'argument': conversion from 'float' to 'int', possible loss of data
C:\Users\Qainat Saeed\Source\Repos\CANDY CRUSH\CANDY CRUSH\Source.cpp(160,15): warning C4244: 'argument': conversion from 'float' to 'int', possible loss of data
C:\Users\Qainat Saeed\Source\Repos\CANDY CRUSH\CANDY CRUSH\Source.cpp(162,13): warning C4244: 'argument': conversion from 'float' to 'int', possible loss of data
C:\Users\Qainat Saeed\Source\Repos\CANDY CRUSH\CANDY CRUSH\Source.cpp(164,14): warning C4244: 'argument': conversion from 'float' to 'int', possible loss of data
C:\Users\Qainat Saeed\Source\Repos\CANDY CRUSH\CANDY CRUSH\Source.cpp(166,13): warning C4244: 'argument': conversion from 'float' to 'int', possible loss of data
C:\Users\Qainat Saeed\Source\Repos\CANDY CRUSH\CANDY CRUSH\Source.cpp(168,12): warning C4244: 'argument': conversion from 'float' to 'int', possible loss of data
C:\Users\Qainat Saeed\Source\Repos\CANDY CRUSH\CANDY CRUSH\Source.cpp(170,15): warning C4244: 'argument': conversion from 'float' to 'int', possible loss of data
C:\Users\Qainat Saeed\Source\Repos\CANDY CRUSH\CANDY CRUSH\Source.cpp(172,13): warning C4244: 'argument': conversion from 'float' to 'int', possible loss of data
C:\Users\Qainat Saeed\Source\Repos\CANDY CRUSH\CANDY CRUSH\Source.cpp(174,14): warning C4244: 'argument': conversion from 'float' to 'int', possible loss of data
C:\Users\Qainat Saeed\Source\Repos\CANDY CRUSH\CANDY CRUSH\Source.cpp(176,13): warning C4244: 'argument': conversion from 'float' to 'int', possible loss of data
C:\Users\Qainat Saeed\Source\Repos\CANDY CRUSH\CANDY CRUSH\Source.cpp(194,6): warning C4101: 'arr': unreferenced local variable
  CANDY CRUSH.vcxproj -> C:\Users\Qainat Saeed\Source\Repos\CANDY CRUSH\Debug\CANDY CRUSH.exe
